2022-06-01 00:16:27 — housing.core.utils — INFO — initialize_random_seed:480 — Initialized Random Seed : 0
2022-06-01 00:16:27 — housing.core.context — INFO — create_context:49 — Context created from /mnt/c/Users/shreya.kanodia/Documents/TIGER_ASSIGNMNETS/MODULE__6/capstone_archive/production/conf/config.yml
2022-06-01 00:16:27 — housing.core.context — INFO — create_context:50 — Package version : 1.0.0
2022-06-01 00:16:27 — housing.core.pipelines.job_runner — INFO — sequential_executor:77 — Running Stage : clean-base-tables
2022-06-01 00:16:27 — housing.core.pipelines.job_runner — INFO — sequential_executor:79 — Running task : housing : task-c5ad5dd3-6e05-45c5-ba7f-e102ebe5bbe6
2022-06-01 00:16:27 — housing.core.pipelines.task_runner — INFO — run_task:83 — Successfully completed task : task-c5ad5dd3-6e05-45c5-ba7f-e102ebe5bbe6 : 0.6067864894866943 seconds
2022-06-01 00:16:27 — housing.core.pipelines.job_runner — INFO — sequential_executor:88 — None
2022-06-01 00:16:27 — housing.core.pipelines.job_runner — INFO — sequential_executor:77 — Running Stage : train-test-split
2022-06-01 00:16:27 — housing.core.pipelines.job_runner — INFO — sequential_executor:79 — Running task : train-test : task-065a5229-a653-4f0c-b953-c593bb09dca8
2022-06-01 00:16:28 — housing.core.pipelines.task_runner — INFO — run_task:83 — Successfully completed task : task-065a5229-a653-4f0c-b953-c593bb09dca8 : 0.4591042995452881 seconds
2022-06-01 00:16:28 — housing.core.pipelines.job_runner — INFO — sequential_executor:88 — None
2022-06-01 00:20:35 — housing.core.utils — INFO — initialize_random_seed:480 — Initialized Random Seed : 0
2022-06-01 00:20:35 — housing.core.context — INFO — create_context:49 — Context created from /mnt/c/Users/shreya.kanodia/Documents/TIGER_ASSIGNMNETS/MODULE__6/capstone_archive/production/conf/config.yml
2022-06-01 00:20:35 — housing.core.context — INFO — create_context:50 — Package version : 1.0.0
2022-06-01 00:20:35 — housing.core.pipelines.job_runner — INFO — sequential_executor:77 — Running Stage : feature-pipelines
2022-06-01 00:20:35 — housing.core.pipelines.job_runner — INFO — sequential_executor:79 — Running task : transform-features : task-c3651553-06d3-4070-a67c-5aea93ddadbd
2022-06-01 00:20:36 — housing.core.utils — INFO — save_pipeline:52 — Saving pipeline to location /mnt/c/Users/shreya.kanodia/Documents/TIGER_ASSIGNMNETS/MODULE__6/capstone_archive/artifacts/features.joblib
2022-06-01 00:20:36 — housing.core.pipelines.task_runner — INFO — run_task:83 — Successfully completed task : task-c3651553-06d3-4070-a67c-5aea93ddadbd : 0.9126222133636475 seconds
2022-06-01 00:20:36 — housing.core.pipelines.job_runner — INFO — sequential_executor:88 — None
2022-06-01 00:24:02 — housing.core.utils — INFO — initialize_random_seed:480 — Initialized Random Seed : 0
2022-06-01 00:24:02 — housing.core.context — INFO — create_context:49 — Context created from /mnt/c/Users/shreya.kanodia/Documents/TIGER_ASSIGNMNETS/MODULE__6/capstone_archive/production/conf/config.yml
2022-06-01 00:24:02 — housing.core.context — INFO — create_context:50 — Package version : 1.0.0
2022-06-01 00:24:02 — housing.core.pipelines.job_runner — INFO — sequential_executor:77 — Running Stage : model-creation
2022-06-01 00:24:02 — housing.core.pipelines.job_runner — INFO — sequential_executor:79 — Running task : train-model : task-11f4c797-d94e-4329-95fa-8fcd378fb445
2022-06-01 00:24:02 — housing.core.utils — INFO — save_pipeline:52 — Saving pipeline to location /mnt/c/Users/shreya.kanodia/Documents/TIGER_ASSIGNMNETS/MODULE__6/capstone_archive/artifacts/train_pipeline.joblib
2022-06-01 00:24:02 — housing.core.pipelines.task_runner — INFO — run_task:83 — Successfully completed task : task-11f4c797-d94e-4329-95fa-8fcd378fb445 : 0.34954309463500977 seconds
2022-06-01 00:24:02 — housing.core.pipelines.job_runner — INFO — sequential_executor:88 — None
2022-06-01 00:31:20 — housing.core.utils — INFO — initialize_random_seed:480 — Initialized Random Seed : 0
2022-06-01 00:31:20 — housing.core.context — INFO — create_context:49 — Context created from /mnt/c/Users/shreya.kanodia/Documents/TIGER_ASSIGNMNETS/MODULE__6/capstone_archive/production/conf/config.yml
2022-06-01 00:31:20 — housing.core.context — INFO — create_context:50 — Package version : 1.0.0
2022-06-01 00:31:20 — housing.core.pipelines.job_runner — INFO — sequential_executor:77 — Running Stage : model-predict
2022-06-01 00:31:20 — housing.core.pipelines.job_runner — INFO — sequential_executor:79 — Running task : score-model : task-100d0452-5b58-4938-a3fb-fbc5b258e4ca
2022-06-01 00:31:20 — housing.core.pipelines.task_runner — INFO — run_task:83 — Successfully completed task : task-100d0452-5b58-4938-a3fb-fbc5b258e4ca : 0.4673161506652832 seconds
2022-06-01 00:31:20 — housing.core.pipelines.job_runner — INFO — sequential_executor:88 — None
